<?xml version="1.0" encoding="UTF-8"?>
<testsuite name="OrderServiceTest" tests="1" skipped="0" failures="0" errors="0" timestamp="2021-07-28T19:55:57" hostname="OUMAIMA" time="2.552">
  <properties/>
  <testcase name="GetbyId()" classname="OrderServiceTest" time="2.552"/>
  <system-out><![CDATA[]]></system-out>
  <system-err><![CDATA[]]></system-err>
</testsuite>
